01:54:18: Creating resource group General
01:54:18: Creating resource group Internal
01:54:18: Creating resource group Autodetect
01:54:18: SceneManagerFactory for type 'DefaultSceneManager' registered.
01:54:18: Registering ResourceManager for type Material
01:54:18: Registering ResourceManager for type Mesh
01:54:18: Registering ResourceManager for type Skeleton
01:54:18: MovableObjectFactory for type 'ParticleSystem' registered.
01:54:18: OverlayElementFactory for type Panel registered.
01:54:18: OverlayElementFactory for type BorderPanel registered.
01:54:18: OverlayElementFactory for type TextArea registered.
01:54:18: Registering ResourceManager for type Font
01:54:18: ArchiveFactory for archive type FileSystem registered.
01:54:18: ArchiveFactory for archive type Zip registered.
01:54:18: FreeImage version: 3.9.2
01:54:18: This program uses FreeImage, a free, open source image library supporting all common bitmap formats. See http://freeimage.sourceforge.net for details
01:54:18: Supported formats: bmp,ico,jpg,jif,jpeg,jpe,jng,koa,iff,lbm,mng,pbm,pbm,pcd,pcx,pgm,pgm,png,ppm,ppm,ras,tga,targa,tif,tiff,wap,wbmp,wbm,psd,cut,xbm,xpm,gif,hdr,g3,sgi
01:54:18: DDS codec registering
01:54:18: Registering ResourceManager for type HighLevelGpuProgram
01:54:18: Registering ResourceManager for type Compositor
01:54:18: MovableObjectFactory for type 'Entity' registered.
01:54:18: MovableObjectFactory for type 'Light' registered.
01:54:18: MovableObjectFactory for type 'BillboardSet' registered.
01:54:18: MovableObjectFactory for type 'ManualObject' registered.
01:54:18: MovableObjectFactory for type 'BillboardChain' registered.
01:54:18: MovableObjectFactory for type 'RibbonTrail' registered.
01:54:18: *-*-* OGRE Initialising
01:54:18: *-*-* Version 1.4.5 (Eihort)
01:54:18: .\Application.cpp
init scriptEngine ...

01:54:18: .\Application.cpp
create game file [Game.xml] ...

01:54:18: .\Application.cpp
Invalid game file [Game.xml] ...

