13:09:31: Creating resource group General
13:09:31: Creating resource group Internal
13:09:31: Creating resource group Autodetect
13:09:31: SceneManagerFactory for type 'DefaultSceneManager' registered.
13:09:31: Registering ResourceManager for type Material
13:09:31: Registering ResourceManager for type Mesh
13:09:31: Registering ResourceManager for type Skeleton
13:09:31: MovableObjectFactory for type 'ParticleSystem' registered.
13:09:31: OverlayElementFactory for type Panel registered.
13:09:31: OverlayElementFactory for type BorderPanel registered.
13:09:31: OverlayElementFactory for type TextArea registered.
13:09:31: Registering ResourceManager for type Font
13:09:31: ArchiveFactory for archive type FileSystem registered.
13:09:31: FreeImage version: 3.10.0
13:09:31: This program uses FreeImage, a free, open source image library supporting all common bitmap formats. See http://freeimage.sourceforge.net for details
13:09:31: Supported formats: bmp,ico,jpg,jif,jpeg,jpe,jng,koa,iff,lbm,mng,pbm,pbm,pcd,pcx,pgm,pgm,png,ppm,ppm,ras,tga,targa,tif,tiff,wap,wbmp,wbm,psd,cut,xbm,xpm,gif,hdr,g3,sgi,exr,j2k,j2c,jp2
13:09:31: DDS codec registering
13:09:31: Registering ResourceManager for type HighLevelGpuProgram
13:09:31: Registering ResourceManager for type Compositor
13:09:31: MovableObjectFactory for type 'Entity' registered.
13:09:31: MovableObjectFactory for type 'Light' registered.
13:09:31: MovableObjectFactory for type 'BillboardSet' registered.
13:09:31: MovableObjectFactory for type 'ManualObject' registered.
13:09:31: MovableObjectFactory for type 'BillboardChain' registered.
13:09:31: MovableObjectFactory for type 'RibbonTrail' registered.
13:09:31: *-*-* OGRE Initialising
13:09:31: *-*-* Version 1.4.5 (Eihort)
13:09:31: Loading library E:/Menge/bin_d/plugins/RenderSystem_GL_d.dll
13:09:31: Installing plugin: GL RenderSystem
13:09:31: OpenGL Rendering Subsystem created.
13:09:32: Plugin successfully installed
13:09:32: CPU Identifier & Features
13:09:32: -------------------------
13:09:32:  *   CPU ID: GenuineIntel: Intel(R) Core(TM)2 CPU          6300  @ 1.86GHz
13:09:32:  *      SSE: yes
13:09:32:  *     SSE2: yes
13:09:32:  *     SSE3: yes
13:09:32:  *      MMX: yes
13:09:32:  *   MMXEXT: yes
13:09:32:  *    3DNOW: no
13:09:32:  * 3DNOWEXT: no
13:09:32:  *     CMOV: yes
13:09:32:  *      TSC: yes
13:09:32:  *      FPU: yes
13:09:32:  *      PRO: yes
13:09:32:  *       HT: no
13:09:32: -------------------------
13:09:32: *** Starting Win32GL Subsystem ***
13:09:32: Creating resource group Default
13:09:32: Added resource location '.' of type 'FileSystem' to resource group 'Default'
13:09:32: Initialising resource group Default
13:09:32: Parsing scripts for resource group Default
13:09:32: Parsing script 1.material
13:09:32: Finished parsing scripts for resource group Default
13:09:32: Created Win32Window 'Menge' : 320x240, 32bpp
13:09:32: GL_VERSION = 2.0.1
13:09:32: GL_VENDOR = NVIDIA Corporation
13:09:32: GL_RENDERER = GeForce 7600 GT/PCI/SSE2
13:09:32: GL_EXTENSIONS = GL_ARB_color_buffer_float GL_ARB_depth_texture GL_ARB_draw_buffers GL_ARB_fragment_program GL_ARB_fragment_program_shadow GL_ARB_fragment_shader GL_ARB_half_float_pixel GL_ARB_imaging GL_ARB_multisample GL_ARB_multitexture GL_ARB_occlusion_query GL_ARB_pixel_buffer_object GL_ARB_point_parameters GL_ARB_point_sprite GL_ARB_shadow GL_ARB_shader_objects GL_ARB_shading_language_100 GL_ARB_texture_border_clamp GL_ARB_texture_compression GL_ARB_texture_cube_map GL_ARB_texture_env_add GL_ARB_texture_env_combine GL_ARB_texture_env_dot3 GL_ARB_texture_float GL_ARB_texture_mirrored_repeat GL_ARB_texture_non_power_of_two GL_ARB_texture_rectangle GL_ARB_transpose_matrix GL_ARB_vertex_buffer_object GL_ARB_vertex_program GL_ARB_vertex_shader GL_ARB_window_pos GL_ATI_draw_buffers GL_ATI_texture_float GL_ATI_texture_mirror_once GL_S3_s3tc GL_EXT_texture_env_add GL_EXT_abgr GL_EXT_bgra GL_EXT_blend_color GL_EXT_blend_equation_separate GL_EXT_blend_func_separate GL_EXT_blend_minmax GL_EXT_blend_subtract GL_EXT_compiled_vertex_array GL_EXT_Cg_shader GL_EXT_depth_bounds_test GL_EXT_draw_range_elements GL_EXT_fog_coord GL_EXT_framebuffer_object GL_EXT_multi_draw_arrays GL_EXT_packed_depth_stencil GL_EXT_packed_pixels GL_EXT_pixel_buffer_object GL_EXT_point_parameters GL_EXT_rescale_normal GL_EXT_secondary_color GL_EXT_separate_specular_color GL_EXT_shadow_funcs GL_EXT_stencil_two_side GL_EXT_stencil_wrap GL_EXT_texture3D GL_EXT_texture_compression_s3tc GL_EXT_texture_cube_map GL_EXT_texture_edge_clamp GL_EXT_texture_env_combine GL_EXT_texture_env_dot3 GL_EXT_texture_filter_anisotropic GL_EXT_texture_lod GL_EXT_texture_lod_bias GL_EXT_texture_mirror_clamp GL_EXT_texture_object GL_EXT_texture_sRGB GL_EXT_timer_query GL_EXT_vertex_array GL_HP_occlusion_test GL_IBM_rasterpos_clip GL_IBM_texture_mirrored_repeat GL_KTX_buffer_region GL_NV_blend_square GL_NV_copy_depth_to_color GL_NV_depth_clamp GL_NV_fence GL_NV_float_buffer GL_NV_fog_distance GL_NV_fragment_program GL_NV_fragment_program_option GL_NV_fragment_program2 GL_NV_half_float GL_NV_light_max_exponent GL_NV_multisample_filter_hint GL_NV_occlusion_query GL_NV_packed_depth_stencil GL_NV_pixel_data_range GL_NV_point_sprite GL_NV_primitive_restart GL_NV_register_combiners GL_NV_register_combiners2 GL_NV_texgen_reflection GL_NV_texture_compression_vtc GL_NV_texture_env_combine4 GL_NV_texture_expand_normal GL_NV_texture_rectangle GL_NV_texture_shader GL_NV_texture_shader2 GL_NV_texture_shader3 GL_NV_vertex_array_range GL_NV_vertex_array_range2 GL_NV_vertex_program GL_NV_vertex_program1_1 GL_NV_vertex_program2 GL_NV_vertex_program2_option GL_NV_vertex_program3 GL_NVX_conditional_render GL_SGIS_generate_mipmap GL_SGIS_texture_lod GL_SGIX_depth_texture GL_SGIX_shadow GL_SUN_slice_accum GL_WIN_swap_hint WGL_EXT_swap_control 
13:09:32: Supported WGL extensions: WGL_ARB_buffer_region WGL_ARB_extensions_string WGL_ARB_make_current_read WGL_ARB_multisample WGL_ARB_pbuffer WGL_ARB_pixel_format WGL_ARB_render_texture WGL_ATI_pixel_format_float WGL_EXT_extensions_string WGL_EXT_swap_control WGL_NV_float_buffer WGL_NV_render_depth_texture WGL_NV_render_texture_rectangle 
13:09:32: ***************************
13:09:32: *** GL Renderer Started ***
13:09:32: ***************************
13:09:32: Registering ResourceManager for type GpuProgram
13:09:32: GLSL support detected
13:09:32: GL: Using GL_EXT_framebuffer_object for rendering to textures (best)
13:09:32: FBO PF_UNKNOWN depth/stencil support: D16S0 D24S0 D32S0 Packed-D24S8 
13:09:32: FBO PF_R5G6B5 depth/stencil support: D0S0 D16S0 
13:09:32: FBO PF_B5G6R5 depth/stencil support: D0S0 D16S0 
13:09:32: FBO PF_R8G8B8 depth/stencil support: D0S0 D24S0 D32S0 Packed-D24S8 
13:09:32: FBO PF_B8G8R8 depth/stencil support: D0S0 D24S0 D32S0 Packed-D24S8 
13:09:32: FBO PF_A8R8G8B8 depth/stencil support: D0S0 D24S0 D32S0 Packed-D24S8 
13:09:32: FBO PF_B8G8R8A8 depth/stencil support: D0S0 D24S0 D32S0 Packed-D24S8 
13:09:32: FBO PF_A2R10G10B10 depth/stencil support: D0S0 D24S0 D32S0 Packed-D24S8 
13:09:32: FBO PF_A2B10G10R10 depth/stencil support: D0S0 D24S0 D32S0 Packed-D24S8 
13:09:32: FBO PF_FLOAT16_RGB depth/stencil support: D0S0 D24S0 D32S0 Packed-D24S8 
13:09:32: FBO PF_FLOAT16_RGBA depth/stencil support: D0S0 D24S0 D32S0 Packed-D24S8 
13:09:32: FBO PF_FLOAT32_RGB depth/stencil support: D0S0 D24S0 D32S0 Packed-D24S8 
13:09:32: FBO PF_FLOAT32_RGBA depth/stencil support: D0S0 D24S0 D32S0 Packed-D24S8 
13:09:32: FBO PF_X8R8G8B8 depth/stencil support: D0S0 D24S0 D32S0 Packed-D24S8 
13:09:32: FBO PF_X8B8G8R8 depth/stencil support: D0S0 D24S0 D32S0 Packed-D24S8 
13:09:32: FBO PF_SHORT_RGBA depth/stencil support: D0S0 D24S0 D32S0 Packed-D24S8 
13:09:32: FBO PF_R3G3B2 depth/stencil support: D0S0 D16S0 
13:09:32: FBO PF_SHORT_RGB depth/stencil support: D0S0 D24S0 D32S0 Packed-D24S8 
13:09:32: [GL] : Valid FBO targets PF_UNKNOWN PF_R5G6B5 PF_B5G6R5 PF_R8G8B8 PF_B8G8R8 PF_A8R8G8B8 PF_B8G8R8A8 PF_A2R10G10B10 PF_A2B10G10R10 PF_FLOAT16_RGB PF_FLOAT16_RGBA PF_FLOAT32_RGB PF_FLOAT32_RGBA PF_X8R8G8B8 PF_X8B8G8R8 PF_SHORT_RGBA PF_R3G3B2 PF_SHORT_RGB 
13:09:32: RenderSystem capabilities
13:09:32: -------------------------
13:09:32:  * Hardware generation of mipmaps: yes
13:09:32:  * Texture blending: yes
13:09:32:  * Anisotropic texture filtering: yes
13:09:32:  * Dot product texture operation: yes
13:09:32:  * Cube mapping: yes
13:09:32:  * Hardware stencil buffer: yes
13:09:32:    - Stencil depth: 8
13:09:32:    - Two sided stencil support: yes
13:09:32:    - Wrap stencil values: yes
13:09:32:  * Hardware vertex / index buffers: yes
13:09:32:  * Vertex programs: yes
13:09:32:    - Max vertex program version: vp40
13:09:32:  * Fragment programs: yes
13:09:32:    - Max fragment program version: fp40
13:09:32:  * Texture Compression: yes
13:09:32:    - DXT: yes
13:09:32:    - VTC: yes
13:09:32:  * Scissor Rectangle: yes
13:09:32:  * Hardware Occlusion Query: yes
13:09:32:  * User clip planes: yes
13:09:33:  * VET_UBYTE4 vertex element type: yes
13:09:33:  * Infinite far plane projection: yes
13:09:33:  * Hardware render-to-texture: yes
13:09:33:  * Floating point textures: yes
13:09:33:  * Non-power-of-two textures: yes
13:09:33:  * Volume textures: yes
13:09:33:  * Multiple Render Targets: 4
13:09:33:  * Point Sprites: yes
13:09:33:  * Extended point parameters: yes
13:09:33:  * Max Point Size: 63.375
13:09:33:  * Vertex texture fetch: yes
13:09:33:    - Max vertex textures: 4
13:09:33:    - Vertex textures shared: yes
13:09:33: Registering ResourceManager for type Texture
13:09:33: ResourceBackgroundQueue - threading disabled
13:09:33: Particle Renderer Type 'billboard' registered
13:09:33: Mesh: Loading col.mesh.
